<?xml version="1.0" encoding="UTF-8"?>
<testsuite name="test.pivotal.pal.trackerapi.WelcomeApiTest" tests="1" skipped="0" failures="0" errors="0" timestamp="2019-01-07T10:59:04" hostname="pal8-OptiPlex-7050" time="0.184">
  <properties/>
  <testcase name="exampleTest" classname="test.pivotal.pal.trackerapi.WelcomeApiTest" time="0.184"/>
  <system-out><![CDATA[16:29:02.702 [Test worker] DEBUG org.springframework.test.context.junit4.SpringJUnit4ClassRunner - SpringJUnit4ClassRunner constructor called with [class test.pivotal.pal.trackerapi.WelcomeApiTest]
16:29:02.707 [Test worker] DEBUG org.springframework.test.context.BootstrapUtils - Instantiating CacheAwareContextLoaderDelegate from class [org.springframework.test.context.cache.DefaultCacheAwareContextLoaderDelegate]
16:29:02.712 [Test worker] DEBUG org.springframework.test.context.BootstrapUtils - Instantiating BootstrapContext using constructor [public org.springframework.test.context.support.DefaultBootstrapContext(java.lang.Class,org.springframework.test.context.CacheAwareContextLoaderDelegate)]
16:29:02.726 [Test worker] DEBUG org.springframework.test.context.BootstrapUtils - Instantiating TestContextBootstrapper for test class [test.pivotal.pal.trackerapi.WelcomeApiTest] from class [org.springframework.boot.test.context.SpringBootTestContextBootstrapper]
16:29:02.734 [Test worker] INFO org.springframework.boot.test.context.SpringBootTestContextBootstrapper - Neither @ContextConfiguration nor @ContextHierarchy found for test class [test.pivotal.pal.trackerapi.WelcomeApiTest], using SpringBootContextLoader
16:29:02.736 [Test worker] DEBUG org.springframework.test.context.support.AbstractContextLoader - Did not detect default resource location for test class [test.pivotal.pal.trackerapi.WelcomeApiTest]: class path resource [test/pivotal/pal/trackerapi/WelcomeApiTest-context.xml] does not exist
16:29:02.736 [Test worker] DEBUG org.springframework.test.context.support.AbstractContextLoader - Did not detect default resource location for test class [test.pivotal.pal.trackerapi.WelcomeApiTest]: class path resource [test/pivotal/pal/trackerapi/WelcomeApiTestContext.groovy] does not exist
16:29:02.737 [Test worker] INFO org.springframework.test.context.support.AbstractContextLoader - Could not detect default resource locations for test class [test.pivotal.pal.trackerapi.WelcomeApiTest]: no resource found for suffixes {-context.xml, Context.groovy}.
16:29:02.761 [Test worker] DEBUG org.springframework.test.context.support.ActiveProfilesUtils - Could not find an 'annotation declaring class' for annotation type [org.springframework.test.context.ActiveProfiles] and class [test.pivotal.pal.trackerapi.WelcomeApiTest]
16:29:02.855 [Test worker] DEBUG org.springframework.boot.test.context.SpringBootTestContextBootstrapper - @TestExecutionListeners is not present for class [test.pivotal.pal.trackerapi.WelcomeApiTest]: using defaults.
16:29:02.855 [Test worker] INFO org.springframework.boot.test.context.SpringBootTestContextBootstrapper - Loaded default TestExecutionListener class names from location [META-INF/spring.factories]: [org.springframework.boot.test.autoconfigure.restdocs.RestDocsTestExecutionListener, org.springframework.boot.test.autoconfigure.web.client.MockRestServiceServerResetTestExecutionListener, org.springframework.boot.test.autoconfigure.web.servlet.MockMvcPrintOnlyOnFailureTestExecutionListener, org.springframework.boot.test.autoconfigure.web.servlet.WebDriverTestExecutionListener, org.springframework.boot.test.mock.mockito.MockitoTestExecutionListener, org.springframework.boot.test.mock.mockito.ResetMocksTestExecutionListener, org.springframework.test.context.web.ServletTestExecutionListener, org.springframework.test.context.support.DirtiesContextBeforeModesTestExecutionListener, org.springframework.test.context.support.DependencyInjectionTestExecutionListener, org.springframework.test.context.support.DirtiesContextTestExecutionListener, org.springframework.test.context.transaction.TransactionalTestExecutionListener, org.springframework.test.context.jdbc.SqlScriptsTestExecutionListener]
16:29:02.861 [Test worker] DEBUG org.springframework.boot.test.context.SpringBootTestContextBootstrapper - Skipping candidate TestExecutionListener [org.springframework.test.context.transaction.TransactionalTestExecutionListener] due to a missing dependency. Specify custom listener classes or make the default listener classes and their required dependencies available. Offending class: [org/springframework/transaction/TransactionDefinition]
16:29:02.862 [Test worker] DEBUG org.springframework.boot.test.context.SpringBootTestContextBootstrapper - Skipping candidate TestExecutionListener [org.springframework.test.context.jdbc.SqlScriptsTestExecutionListener] due to a missing dependency. Specify custom listener classes or make the default listener classes and their required dependencies available. Offending class: [org/springframework/transaction/interceptor/TransactionAttribute]
16:29:02.862 [Test worker] INFO org.springframework.boot.test.context.SpringBootTestContextBootstrapper - Using TestExecutionListeners: [org.springframework.test.context.web.ServletTestExecutionListener@974ebda, org.springframework.test.context.support.DirtiesContextBeforeModesTestExecutionListener@4e0e69, org.springframework.boot.test.mock.mockito.MockitoTestExecutionListener@458e659a, org.springframework.boot.test.autoconfigure.SpringBootDependencyInjectionTestExecutionListener@5696e3e2, org.springframework.test.context.support.DirtiesContextTestExecutionListener@7812e8d1, org.springframework.boot.test.autoconfigure.restdocs.RestDocsTestExecutionListener@85f9cfc, org.springframework.boot.test.autoconfigure.web.client.MockRestServiceServerResetTestExecutionListener@3ecb8ad8, org.springframework.boot.test.autoconfigure.web.servlet.MockMvcPrintOnlyOnFailureTestExecutionListener@5f23f710, org.springframework.boot.test.autoconfigure.web.servlet.WebDriverTestExecutionListener@3098c845, org.springframework.boot.test.mock.mockito.ResetMocksTestExecutionListener@44d41ad6]
16:29:02.864 [Test worker] DEBUG org.springframework.test.annotation.ProfileValueUtils - Retrieved @ProfileValueSourceConfiguration [null] for test class [test.pivotal.pal.trackerapi.WelcomeApiTest]
16:29:02.864 [Test worker] DEBUG org.springframework.test.annotation.ProfileValueUtils - Retrieved ProfileValueSource type [class org.springframework.test.annotation.SystemProfileValueSource] for class [test.pivotal.pal.trackerapi.WelcomeApiTest]
16:29:02.865 [Test worker] DEBUG org.springframework.test.annotation.ProfileValueUtils - Retrieved @ProfileValueSourceConfiguration [null] for test class [test.pivotal.pal.trackerapi.WelcomeApiTest]
16:29:02.865 [Test worker] DEBUG org.springframework.test.annotation.ProfileValueUtils - Retrieved ProfileValueSource type [class org.springframework.test.annotation.SystemProfileValueSource] for class [test.pivotal.pal.trackerapi.WelcomeApiTest]
16:29:02.869 [Test worker] DEBUG org.springframework.test.context.support.AbstractDirtiesContextTestExecutionListener - Before test class: context [DefaultTestContext@64b29b92 testClass = WelcomeApiTest, testInstance = [null], testMethod = [null], testException = [null], mergedContextConfiguration = [WebMergedContextConfiguration@77258d10 testClass = WelcomeApiTest, locations = '{}', classes = '{class io.pivotal.pal.tracker.PalTrackerApplication, class io.pivotal.pal.tracker.PalTrackerApplication}', contextInitializerClasses = '[]', activeProfiles = '{}', propertySourceLocations = '{}', propertySourceProperties = '{org.springframework.boot.test.context.SpringBootTestContextBootstrapper=true, server.port=0}', contextCustomizers = set[org.springframework.boot.test.autoconfigure.properties.PropertyMappingContextCustomizer@0, org.springframework.boot.test.autoconfigure.web.servlet.WebDriverContextCustomizerFactory$Customizer@6b0881b6, org.springframework.boot.test.context.filter.ExcludeFilterContextCustomizer@510a06dd, org.springframework.boot.test.json.DuplicateJsonObjectContextCustomizerFactory$DuplicateJsonObjectContextCustomizer@26c59569, org.springframework.boot.test.mock.mockito.MockitoContextCustomizer@0, org.springframework.boot.test.web.client.TestRestTemplateContextCustomizer@6542499a], resourceBasePath = 'src/main/webapp', contextLoader = 'org.springframework.boot.test.context.SpringBootContextLoader', parent = [null]], attributes = map['org.springframework.test.context.web.ServletTestExecutionListener.activateListener' -> false]], class annotated with @DirtiesContext [false] with mode [null].
16:29:02.869 [Test worker] DEBUG org.springframework.test.annotation.ProfileValueUtils - Retrieved @ProfileValueSourceConfiguration [null] for test class [test.pivotal.pal.trackerapi.WelcomeApiTest]
16:29:02.869 [Test worker] DEBUG org.springframework.test.annotation.ProfileValueUtils - Retrieved ProfileValueSource type [class org.springframework.test.annotation.SystemProfileValueSource] for class [test.pivotal.pal.trackerapi.WelcomeApiTest]
16:29:02.872 [Test worker] DEBUG org.springframework.test.context.support.DependencyInjectionTestExecutionListener - Performing dependency injection for test context [[DefaultTestContext@64b29b92 testClass = WelcomeApiTest, testInstance = test.pivotal.pal.trackerapi.WelcomeApiTest@3a17520c, testMethod = [null], testException = [null], mergedContextConfiguration = [WebMergedContextConfiguration@77258d10 testClass = WelcomeApiTest, locations = '{}', classes = '{class io.pivotal.pal.tracker.PalTrackerApplication, class io.pivotal.pal.tracker.PalTrackerApplication}', contextInitializerClasses = '[]', activeProfiles = '{}', propertySourceLocations = '{}', propertySourceProperties = '{org.springframework.boot.test.context.SpringBootTestContextBootstrapper=true, server.port=0}', contextCustomizers = set[org.springframework.boot.test.autoconfigure.properties.PropertyMappingContextCustomizer@0, org.springframework.boot.test.autoconfigure.web.servlet.WebDriverContextCustomizerFactory$Customizer@6b0881b6, org.springframework.boot.test.context.filter.ExcludeFilterContextCustomizer@510a06dd, org.springframework.boot.test.json.DuplicateJsonObjectContextCustomizerFactory$DuplicateJsonObjectContextCustomizer@26c59569, org.springframework.boot.test.mock.mockito.MockitoContextCustomizer@0, org.springframework.boot.test.web.client.TestRestTemplateContextCustomizer@6542499a], resourceBasePath = 'src/main/webapp', contextLoader = 'org.springframework.boot.test.context.SpringBootContextLoader', parent = [null]], attributes = map['org.springframework.test.context.web.ServletTestExecutionListener.activateListener' -> false]]].
16:29:02.886 [Test worker] DEBUG org.springframework.core.env.StandardEnvironment - Adding PropertySource 'systemProperties' with lowest search precedence
16:29:02.887 [Test worker] DEBUG org.springframework.core.env.StandardEnvironment - Adding PropertySource 'systemEnvironment' with lowest search precedence
16:29:02.887 [Test worker] DEBUG org.springframework.core.env.StandardEnvironment - Initialized StandardEnvironment with PropertySources [MapPropertySource@630270326 {name='systemProperties', properties={java.runtime.name=OpenJDK Runtime Environment, sun.boot.library.path=/usr/lib/jvm/java-8-openjdk-amd64/jre/lib/amd64, java.vm.version=25.191-b12, java.vm.vendor=Oracle Corporation, java.vendor.url=http://java.oracle.com/, path.separator=:, java.vm.name=OpenJDK 64-Bit Server VM, file.encoding.pkg=sun.io, sun.java.launcher=SUN_STANDARD, user.country=IN, sun.os.patch.level=unknown, java.vm.specification.name=Java Virtual Machine Specification, user.dir=/home/pal-8/workspace/pal-tracker, java.runtime.version=1.8.0_191-8u191-b12-0ubuntu0.18.04.1-b12, java.awt.graphicsenv=sun.awt.X11GraphicsEnvironment, java.endorsed.dirs=/usr/lib/jvm/java-8-openjdk-amd64/jre/lib/endorsed, os.arch=amd64, java.io.tmpdir=/tmp, line.separator=
, java.vm.specification.vendor=Oracle Corporation, user.variant=, os.name=Linux, sun.jnu.encoding=UTF-8, java.library.path=/usr/java/packages/lib/amd64:/usr/lib/x86_64-linux-gnu/jni:/lib/x86_64-linux-gnu:/usr/lib/x86_64-linux-gnu:/usr/lib/jni:/lib:/usr/lib, java.specification.name=Java Platform API Specification, java.class.version=52.0, org.gradle.native=false, sun.management.compiler=HotSpot 64-Bit Tiered Compilers, os.version=4.15.0-43-generic, user.home=/home/pal-8, user.timezone=Asia/Kolkata, java.awt.printerjob=sun.print.PSPrinterJob, file.encoding=UTF-8, java.specification.version=1.8, java.class.path=/home/pal-8/workspace/pal-tracker/build/classes/java/test:/home/pal-8/workspace/pal-tracker/build/resources/test:/home/pal-8/workspace/pal-tracker/build/classes/java/main:/home/pal-8/workspace/pal-tracker/build/resources/main:/home/pal-8/.gradle/caches/modules-2/files-2.1/org.springframework.boot/spring-boot-starter-web/2.0.6.RELEASE/e803fc341b450b2ce01734df12e5881b8e78c0a7/spring-boot-starter-web-2.0.6.RELEASE.jar:/home/pal-8/.gradle/caches/modules-2/files-2.1/org.springframework.boot/spring-boot-starter-test/2.0.6.RELEASE/f92fd015cfc9a9bd6ae653dca8d4ec5b83d4ba00/spring-boot-starter-test-2.0.6.RELEASE.jar:/home/pal-8/.gradle/caches/modules-2/files-2.1/org.springframework.boot/spring-boot-starter-json/2.0.6.RELEASE/1b3912af3eecdbbc6cda497acc7939f2ce21e39d/spring-boot-starter-json-2.0.6.RELEASE.jar:/home/pal-8/.gradle/caches/modules-2/files-2.1/org.springframework.boot/spring-boot-starter/2.0.6.RELEASE/9d904a4387e076343a3478c32198ec7d9d633ff4/spring-boot-starter-2.0.6.RELEASE.jar:/home/pal-8/.gradle/caches/modules-2/files-2.1/org.springframework.boot/spring-boot-starter-tomcat/2.0.6.RELEASE/64b22bc3d0ba734532e7cbe941354985f2a86242/spring-boot-starter-tomcat-2.0.6.RELEASE.jar:/home/pal-8/.gradle/caches/modules-2/files-2.1/org.hibernate.validator/hibernate-validator/6.0.13.Final/af4232bf90ecd33c71147d67185dbb1cfe8f33df/hibernate-validator-6.0.13.Final.jar:/home/pal-8/.gradle/caches/modules-2/files-2.1/org.springframework/spring-webmvc/5.0.10.RELEASE/88a601321e2b4e3b84eed0909c24b9dd8e453b5f/spring-webmvc-5.0.10.RELEASE.jar:/home/pal-8/.gradle/caches/modules-2/files-2.1/org.springframework/spring-web/5.0.10.RELEASE/fbaaa53ec99f45fd7aaf9125beeb5c3388cce088/spring-web-5.0.10.RELEASE.jar:/home/pal-8/.gradle/caches/modules-2/files-2.1/org.springframework.boot/spring-boot-test-autoconfigure/2.0.6.RELEASE/b0eb15474e795850dfa59b01ee6a83d7a39e3645/spring-boot-test-autoconfigure-2.0.6.RELEASE.jar:/home/pal-8/.gradle/caches/modules-2/files-2.1/org.springframework.boot/spring-boot-test/2.0.6.RELEASE/33a53ca6d55f35b3a89320c260262a5310ba8afc/spring-boot-test-2.0.6.RELEASE.jar:/home/pal-8/.gradle/caches/modules-2/files-2.1/com.jayway.jsonpath/json-path/2.4.0/765a4401ceb2dc8d40553c2075eb80a8fa35c2ae/json-path-2.4.0.jar:/home/pal-8/.gradle/caches/modules-2/files-2.1/junit/junit/4.12/2973d150c0dc1fefe998f834810d68f278ea58ec/junit-4.12.jar:/home/pal-8/.gradle/caches/modules-2/files-2.1/org.assertj/assertj-core/3.9.1/c5ce126b15f28d56cd8f960c1a6a058b9c9aea87/assertj-core-3.9.1.jar:/home/pal-8/.gradle/caches/modules-2/files-2.1/org.mockito/mockito-core/2.15.0/b84bfbbc29cd22c9529409627af6ea2897f4fa85/mockito-core-2.15.0.jar:/home/pal-8/.gradle/caches/modules-2/files-2.1/org.hamcrest/hamcrest-library/1.3/4785a3c21320980282f9f33d0d1264a69040538f/hamcrest-library-1.3.jar:/home/pal-8/.gradle/caches/modules-2/files-2.1/org.hamcrest/hamcrest-core/1.3/42a25dc3219429f0e5d060061f71acb49bf010a0/hamcrest-core-1.3.jar:/home/pal-8/.gradle/caches/modules-2/files-2.1/org.skyscreamer/jsonassert/1.5.0/6c9d5fe2f59da598d9aefc1cfc6528ff3cf32df3/jsonassert-1.5.0.jar:/home/pal-8/.gradle/caches/modules-2/files-2.1/org.springframework/spring-test/5.0.10.RELEASE/1d2d272073f36c689c693ec3ec94d7ad7e136a2e/spring-test-5.0.10.RELEASE.jar:/home/pal-8/.gradle/caches/modules-2/files-2.1/org.springframework.boot/spring-boot-autoconfigure/2.0.6.RELEASE/e8c88fd703dbdf79f94178a5018ad67d1ecb1d0d/spring-boot-autoconfigure-2.0.6.RELEASE.jar:/home/pal-8/.gradle/caches/modules-2/files-2.1/org.springframework.boot/spring-boot/2.0.6.RELEASE/4d214b08bbc74f03d404e8fc862102334e0f73d1/spring-boot-2.0.6.RELEASE.jar:/home/pal-8/.gradle/caches/modules-2/files-2.1/org.springframework/spring-context/5.0.10.RELEASE/6f53de0618219fefc2aebf92ba175e6b33e14ce0/spring-context-5.0.10.RELEASE.jar:/home/pal-8/.gradle/caches/modules-2/files-2.1/org.springframework/spring-aop/5.0.10.RELEASE/da65874f61aef9c25db794f493e50683346d3056/spring-aop-5.0.10.RELEASE.jar:/home/pal-8/.gradle/caches/modules-2/files-2.1/org.springframework/spring-beans/5.0.10.RELEASE/8ec7da928082a123c50d5d70cd4b46382db27e8b/spring-beans-5.0.10.RELEASE.jar:/home/pal-8/.gradle/caches/modules-2/files-2.1/org.springframework/spring-expression/5.0.10.RELEASE/eaf8595e3bf18ef1aca1c233d9871552d258e38a/spring-expression-5.0.10.RELEASE.jar:/home/pal-8/.gradle/caches/modules-2/files-2.1/org.springframework/spring-core/5.0.10.RELEASE/cb270a60ceb573961588f511222984de64b4bc96/spring-core-5.0.10.RELEASE.jar:/home/pal-8/.gradle/caches/modules-2/files-2.1/org.xmlunit/xmlunit-core/2.5.1/4ffdb346572a7356f7521cd3119ce5287d2e339d/xmlunit-core-2.5.1.jar:/home/pal-8/.gradle/caches/modules-2/files-2.1/org.springframework.boot/spring-boot-starter-logging/2.0.6.RELEASE/a730d62c8eb80cdc95e5089e47570d24731cf5dd/spring-boot-starter-logging-2.0.6.RELEASE.jar:/home/pal-8/.gradle/caches/modules-2/files-2.1/javax.annotation/javax.annotation-api/1.3.2/934c04d3cfef185a8008e7bf34331b79730a9d43/javax.annotation-api-1.3.2.jar:/home/pal-8/.gradle/caches/modules-2/files-2.1/org.yaml/snakeyaml/1.19/2d998d3d674b172a588e54ab619854d073f555b5/snakeyaml-1.19.jar:/home/pal-8/.gradle/caches/modules-2/files-2.1/com.fasterxml.jackson.datatype/jackson-datatype-jdk8/2.9.7/98d8f190db07f97c64c0ea3af5792f718a6c2cc1/jackson-datatype-jdk8-2.9.7.jar:/home/pal-8/.gradle/caches/modules-2/files-2.1/com.fasterxml.jackson.datatype/jackson-datatype-jsr310/2.9.7/cbd919f1ce67533e07b98dd493247e8dbabc26b2/jackson-datatype-jsr310-2.9.7.jar:/home/pal-8/.gradle/caches/modules-2/files-2.1/com.fasterxml.jackson.module/jackson-module-parameter-names/2.9.7/f2bdd7696beffa2dbc5dc62cd24c3906a40ffcff/jackson-module-parameter-names-2.9.7.jar:/home/pal-8/.gradle/caches/modules-2/files-2.1/com.fasterxml.jackson.core/jackson-databind/2.9.7/e6faad47abd3179666e89068485a1b88a195ceb7/jackson-databind-2.9.7.jar:/home/pal-8/.gradle/caches/modules-2/files-2.1/org.apache.tomcat.embed/tomcat-embed-websocket/8.5.34/5f86906367c2540b21e6aeecc277d2ce9ec939b0/tomcat-embed-websocket-8.5.34.jar:/home/pal-8/.gradle/caches/modules-2/files-2.1/org.apache.tomcat.embed/tomcat-embed-core/8.5.34/a038040d68a90397f95dd1e11b979fe364a5000f/tomcat-embed-core-8.5.34.jar:/home/pal-8/.gradle/caches/modules-2/files-2.1/org.apache.tomcat.embed/tomcat-embed-el/8.5.34/be71a9a5bdd001db7cf97c47429eec0bdd3b7b88/tomcat-embed-el-8.5.34.jar:/home/pal-8/.gradle/caches/modules-2/files-2.1/javax.validation/validation-api/2.0.1.Final/cb855558e6271b1b32e716d24cb85c7f583ce09e/validation-api-2.0.1.Final.jar:/home/pal-8/.gradle/caches/modules-2/files-2.1/org.jboss.logging/jboss-logging/3.3.2.Final/3789d00e859632e6c6206adc0c71625559e6e3b0/jboss-logging-3.3.2.Final.jar:/home/pal-8/.gradle/caches/modules-2/files-2.1/com.fasterxml/classmate/1.3.4/3d5f48f10bbe4eb7bd862f10c0583be2e0053c6/classmate-1.3.4.jar:/home/pal-8/.gradle/caches/modules-2/files-2.1/net.minidev/json-smart/2.3/7396407491352ce4fa30de92efb158adb76b5b/json-smart-2.3.jar:/home/pal-8/.gradle/caches/modules-2/files-2.1/ch.qos.logback/logback-classic/1.2.3/7c4f3c474fb2c041d8028740440937705ebb473a/logback-classic-1.2.3.jar:/home/pal-8/.gradle/caches/modules-2/files-2.1/org.apache.logging.log4j/log4j-to-slf4j/2.10.0/f7e631ccf49cfc0aefa4a2a728da7d374c05bd3c/log4j-to-slf4j-2.10.0.jar:/home/pal-8/.gradle/caches/modules-2/files-2.1/org.slf4j/jul-to-slf4j/1.7.25/af5364cd6679bfffb114f0dec8a157aaa283b76/jul-to-slf4j-1.7.25.jar:/home/pal-8/.gradle/caches/modules-2/files-2.1/org.slf4j/slf4j-api/1.7.25/da76ca59f6a57ee3102f8f9bd9cee742973efa8a/slf4j-api-1.7.25.jar:/home/pal-8/.gradle/caches/modules-2/files-2.1/net.bytebuddy/byte-buddy/1.7.9/51218a01a882c04d0aba8c028179cce488bbcb58/byte-buddy-1.7.9.jar:/home/pal-8/.gradle/caches/modules-2/files-2.1/net.bytebuddy/byte-buddy-agent/1.7.9/a6c65f9da7f467ee1f02ff2841ffd3155aee2fc9/byte-buddy-agent-1.7.9.jar:/home/pal-8/.gradle/caches/modules-2/files-2.1/org.objenesis/objenesis/2.6/639033469776fd37c08358c6b92a4761feb2af4b/objenesis-2.6.jar:/home/pal-8/.gradle/caches/modules-2/files-2.1/com.vaadin.external.google/android-json/0.0.20131108.vaadin1/fa26d351fe62a6a17f5cda1287c1c6110dec413f/android-json-0.0.20131108.vaadin1.jar:/home/pal-8/.gradle/caches/modules-2/files-2.1/org.springframework/spring-jcl/5.0.10.RELEASE/8d6a766be91ae5613f2828eb9f77739a47ceb357/spring-jcl-5.0.10.RELEASE.jar:/home/pal-8/.gradle/caches/modules-2/files-2.1/com.fasterxml.jackson.core/jackson-annotations/2.9.0/7c10d545325e3a6e72e06381afe469fd40eb701/jackson-annotations-2.9.0.jar:/home/pal-8/.gradle/caches/modules-2/files-2.1/com.fasterxml.jackson.core/jackson-core/2.9.7/4b7f0e0dc527fab032e9800ed231080fdc3ac015/jackson-core-2.9.7.jar:/home/pal-8/.gradle/caches/modules-2/files-2.1/net.minidev/accessors-smart/1.2/c592b500269bfde36096641b01238a8350f8aa31/accessors-smart-1.2.jar:/home/pal-8/.gradle/caches/modules-2/files-2.1/ch.qos.logback/logback-core/1.2.3/864344400c3d4d92dfeb0a305dc87d953677c03c/logback-core-1.2.3.jar:/home/pal-8/.gradle/caches/modules-2/files-2.1/org.apache.logging.log4j/log4j-api/2.10.0/fec5797a55b786184a537abd39c3fa1449d752d6/log4j-api-2.10.0.jar:/home/pal-8/.gradle/caches/modules-2/files-2.1/org.apache.tomcat/tomcat-annotations-api/8.5.34/edd8e694ef125878e277d198bc0c333c2250d2c2/tomcat-annotations-api-8.5.34.jar:/home/pal-8/.gradle/caches/modules-2/files-2.1/org.ow2.asm/asm/5.0.4/da08b8cce7bbf903602a25a3a163ae252435795/asm-5.0.4.jar, user.name=pal-8, java.vm.specification.version=1.8, sun.java.command=worker.org.gradle.process.internal.worker.GradleWorkerMain 'Gradle Test Executor 4', java.home=/usr/lib/jvm/java-8-openjdk-amd64/jre, sun.arch.data.model=64, user.language=en, java.specification.vendor=Oracle Corporation, awt.toolkit=sun.awt.X11.XToolkit, java.vm.info=mixed mode, java.version=1.8.0_191, java.ext.dirs=/usr/lib/jvm/java-8-openjdk-amd64/jre/lib/ext:/usr/java/packages/lib/ext, sun.boot.class.path=/usr/lib/jvm/java-8-openjdk-amd64/jre/lib/resources.jar:/usr/lib/jvm/java-8-openjdk-amd64/jre/lib/rt.jar:/usr/lib/jvm/java-8-openjdk-amd64/jre/lib/sunrsasign.jar:/usr/lib/jvm/java-8-openjdk-amd64/jre/lib/jsse.jar:/usr/lib/jvm/java-8-openjdk-amd64/jre/lib/jce.jar:/usr/lib/jvm/java-8-openjdk-amd64/jre/lib/charsets.jar:/usr/lib/jvm/java-8-openjdk-amd64/jre/lib/jfr.jar:/usr/lib/jvm/java-8-openjdk-amd64/jre/classes, java.vendor=Oracle Corporation, org.gradle.test.worker=4, file.separator=/, java.vendor.url.bug=http://bugreport.sun.com/bugreport/, sun.io.unicode.encoding=UnicodeLittle, sun.cpu.endian=little, sun.desktop=gnome, sun.cpu.isalist=}}, SystemEnvironmentPropertySource@368886825 {name='systemEnvironment', properties={PATH=/usr/local/sbin:/usr/local/bin:/usr/sbin:/usr/bin:/sbin:/bin:/snap/bin:/home/pal-8/dev:/home/pal-8/gradle/bin:/home/pal-8/dev/flyway, XAUTHORITY=/run/user/1000/gdm/Xauthority, XMODIFIERS=@im=ibus, XDG_DATA_DIRS=/usr/share/ubuntu:/usr/local/share:/usr/share:/var/lib/snapd/desktop, GDMSESSION=ubuntu, TEXTDOMAINDIR=/usr/share/locale/, GTK_IM_MODULE=ibus, DBUS_SESSION_BUS_ADDRESS=unix:path=/run/user/1000/bus, XDG_CURRENT_DESKTOP=ubuntu:GNOME, SSH_AGENT_PID=2519, COLORTERM=truecolor, QT4_IM_MODULE=xim, SESSION_MANAGER=local/pal8-OptiPlex-7050:@/tmp/.ICE-unix/2426,unix/pal8-OptiPlex-7050:/tmp/.ICE-unix/2426, USERNAME=pal-8, LOGNAME=pal-8, PWD=/home/pal-8/workspace/pal-tracker, IM_CONFIG_PHASE=2, LANGUAGE=en_IN:en, GJS_DEBUG_TOPICS=JS ERROR;JS LOG, SHELL=/bin/bash, LESSOPEN=| /usr/bin/lesspipe %s, OLDPWD=/home/pal-8/workspace/pal-tracker, GNOME_DESKTOP_SESSION_ID=this-is-deprecated, GNOME_TERMINAL_SCREEN=/org/gnome/Terminal/screen/baeb3873_f57a_408b_8aed_abeb425d1ee4, GTK_MODULES=gail:atk-bridge, CLUTTER_IM_MODULE=xim, TEXTDOMAIN=im-config, XDG_SESSION_DESKTOP=ubuntu, LS_COLORS=rs=0:di=01;34:ln=01;36:mh=00:pi=40;33:so=01;35:do=01;35:bd=40;33;01:cd=40;33;01:or=40;31;01:mi=00:su=37;41:sg=30;43:ca=30;41:tw=30;42:ow=34;42:st=37;44:ex=01;32:*.tar=01;31:*.tgz=01;31:*.arc=01;31:*.arj=01;31:*.taz=01;31:*.lha=01;31:*.lz4=01;31:*.lzh=01;31:*.lzma=01;31:*.tlz=01;31:*.txz=01;31:*.tzo=01;31:*.t7z=01;31:*.zip=01;31:*.z=01;31:*.Z=01;31:*.dz=01;31:*.gz=01;31:*.lrz=01;31:*.lz=01;31:*.lzo=01;31:*.xz=01;31:*.zst=01;31:*.tzst=01;31:*.bz2=01;31:*.bz=01;31:*.tbz=01;31:*.tbz2=01;31:*.tz=01;31:*.deb=01;31:*.rpm=01;31:*.jar=01;31:*.war=01;31:*.ear=01;31:*.sar=01;31:*.rar=01;31:*.alz=01;31:*.ace=01;31:*.zoo=01;31:*.cpio=01;31:*.7z=01;31:*.rz=01;31:*.cab=01;31:*.wim=01;31:*.swm=01;31:*.dwm=01;31:*.esd=01;31:*.jpg=01;35:*.jpeg=01;35:*.mjpg=01;35:*.mjpeg=01;35:*.gif=01;35:*.bmp=01;35:*.pbm=01;35:*.pgm=01;35:*.ppm=01;35:*.tga=01;35:*.xbm=01;35:*.xpm=01;35:*.tif=01;35:*.tiff=01;35:*.png=01;35:*.svg=01;35:*.svgz=01;35:*.mng=01;35:*.pcx=01;35:*.mov=01;35:*.mpg=01;35:*.mpeg=01;35:*.m2v=01;35:*.mkv=01;35:*.webm=01;35:*.ogm=01;35:*.mp4=01;35:*.m4v=01;35:*.mp4v=01;35:*.vob=01;35:*.qt=01;35:*.nuv=01;35:*.wmv=01;35:*.asf=01;35:*.rm=01;35:*.rmvb=01;35:*.flc=01;35:*.avi=01;35:*.fli=01;35:*.flv=01;35:*.gl=01;35:*.dl=01;35:*.xcf=01;35:*.xwd=01;35:*.yuv=01;35:*.cgm=01;35:*.emf=01;35:*.ogv=01;35:*.ogx=01;35:*.aac=00;36:*.au=00;36:*.flac=00;36:*.m4a=00;36:*.mid=00;36:*.midi=00;36:*.mka=00;36:*.mp3=00;36:*.mpc=00;36:*.ogg=00;36:*.ra=00;36:*.wav=00;36:*.oga=00;36:*.opus=00;36:*.spx=00;36:*.xspf=00;36:, SHLVL=2, LESSCLOSE=/usr/bin/lesspipe %s %s, QT_IM_MODULE=xim, TERM=xterm-256color, XDG_CONFIG_DIRS=/etc/xdg/xdg-ubuntu:/etc/xdg, GNOME_TERMINAL_SERVICE=:1.89, LANG=en_IN, XDG_SESSION_ID=2, XDG_SESSION_TYPE=x11, DISPLAY=:0, _=./gradlew, GPG_AGENT_INFO=/run/user/1000/gnupg/S.gpg-agent:0:1, DESKTOP_SESSION=ubuntu, USER=pal-8, XDG_MENU_PREFIX=gnome-, VTE_VERSION=5202, QT_ACCESSIBILITY=1, WINDOWPATH=2, GJS_DEBUG_OUTPUT=stderr, SSH_AUTH_SOCK=/run/user/1000/keyring/ssh, XDG_SEAT=seat0, WELCOME_MESSAGE=Hello from test, GNOME_SHELL_SESSION_MODE=ubuntu, XDG_VTNR=2, XDG_RUNTIME_DIR=/run/user/1000, HOME=/home/pal-8}}]
16:29:02.889 [Test worker] DEBUG org.springframework.test.context.support.TestPropertySourceUtils - Adding inlined properties to environment: {spring.jmx.enabled=false, org.springframework.boot.test.context.SpringBootTestContextBootstrapper=true, server.port=0}
16:29:02.890 [Test worker] DEBUG org.springframework.core.env.StandardEnvironment - Adding PropertySource 'Inlined Test Properties' with highest search precedence

  .   ____          _            __ _ _
 /\\ / ___'_ __ _ _(_)_ __  __ _ \ \ \ \
( ( )\___ | '_ | '_| | '_ \/ _` | \ \ \ \
 \\/  ___)| |_)| | | | | || (_| |  ) ) ) )
  '  |____| .__|_| |_|_| |_\__, | / / / /
 =========|_|==============|___/=/_/_/_/
 :: Spring Boot ::        (v2.0.6.RELEASE)

2019-01-07 16:29:03.066  INFO 10866 --- [    Test worker] t.pivotal.pal.trackerapi.WelcomeApiTest  : Starting WelcomeApiTest on pal8-OptiPlex-7050 with PID 10866 (started by pal-8 in /home/pal-8/workspace/pal-tracker)
2019-01-07 16:29:03.067  INFO 10866 --- [    Test worker] t.pivotal.pal.trackerapi.WelcomeApiTest  : No active profile set, falling back to default profiles: default
2019-01-07 16:29:03.082  INFO 10866 --- [    Test worker] ConfigServletWebServerApplicationContext : Refreshing org.springframework.boot.web.servlet.context.AnnotationConfigServletWebServerApplicationContext@14d6d856: startup date [Mon Jan 07 16:29:03 IST 2019]; root of context hierarchy
2019-01-07 16:29:03.916  INFO 10866 --- [    Test worker] o.s.b.w.embedded.tomcat.TomcatWebServer  : Tomcat initialized with port(s): 0 (http)
2019-01-07 16:29:03.936  INFO 10866 --- [    Test worker] o.apache.catalina.core.StandardService   : Starting service [Tomcat]
2019-01-07 16:29:03.937  INFO 10866 --- [    Test worker] org.apache.catalina.core.StandardEngine  : Starting Servlet Engine: Apache Tomcat/8.5.34
2019-01-07 16:29:03.944  INFO 10866 --- [ost-startStop-1] o.a.catalina.core.AprLifecycleListener   : The APR based Apache Tomcat Native library which allows optimal performance in production environments was not found on the java.library.path: [/usr/java/packages/lib/amd64:/usr/lib/x86_64-linux-gnu/jni:/lib/x86_64-linux-gnu:/usr/lib/x86_64-linux-gnu:/usr/lib/jni:/lib:/usr/lib]
2019-01-07 16:29:04.005  INFO 10866 --- [ost-startStop-1] o.a.c.c.C.[Tomcat].[localhost].[/]       : Initializing Spring embedded WebApplicationContext
2019-01-07 16:29:04.005  INFO 10866 --- [ost-startStop-1] o.s.web.context.ContextLoader            : Root WebApplicationContext: initialization completed in 926 ms
2019-01-07 16:29:04.048  INFO 10866 --- [ost-startStop-1] o.s.b.w.servlet.ServletRegistrationBean  : Servlet dispatcherServlet mapped to [/]
2019-01-07 16:29:04.052  INFO 10866 --- [ost-startStop-1] o.s.b.w.servlet.FilterRegistrationBean   : Mapping filter: 'characterEncodingFilter' to: [/*]
2019-01-07 16:29:04.052  INFO 10866 --- [ost-startStop-1] o.s.b.w.servlet.FilterRegistrationBean   : Mapping filter: 'hiddenHttpMethodFilter' to: [/*]
2019-01-07 16:29:04.052  INFO 10866 --- [ost-startStop-1] o.s.b.w.servlet.FilterRegistrationBean   : Mapping filter: 'httpPutFormContentFilter' to: [/*]
2019-01-07 16:29:04.053  INFO 10866 --- [ost-startStop-1] o.s.b.w.servlet.FilterRegistrationBean   : Mapping filter: 'requestContextFilter' to: [/*]
2019-01-07 16:29:04.160  INFO 10866 --- [    Test worker] o.s.w.s.handler.SimpleUrlHandlerMapping  : Mapped URL path [/**/favicon.ico] onto handler of type [class org.springframework.web.servlet.resource.ResourceHttpRequestHandler]
2019-01-07 16:29:04.289  INFO 10866 --- [    Test worker] s.w.s.m.m.a.RequestMappingHandlerAdapter : Looking for @ControllerAdvice: org.springframework.boot.web.servlet.context.AnnotationConfigServletWebServerApplicationContext@14d6d856: startup date [Mon Jan 07 16:29:03 IST 2019]; root of context hierarchy
2019-01-07 16:29:04.403  INFO 10866 --- [    Test worker] s.w.s.m.m.a.RequestMappingHandlerMapping : Mapped "{[/env],methods=[GET]}" onto public java.util.Map<java.lang.String, java.lang.String> io.pivotal.pal.tracker.EnvController.getEnv()
2019-01-07 16:29:04.404  INFO 10866 --- [    Test worker] s.w.s.m.m.a.RequestMappingHandlerMapping : Mapped "{[/],methods=[GET]}" onto public java.lang.String io.pivotal.pal.tracker.WelcomeController.sayHello()
2019-01-07 16:29:04.404  INFO 10866 --- [    Test worker] s.w.s.m.m.a.RequestMappingHandlerMapping : Mapped "{[/welcome],methods=[GET]}" onto public java.lang.String io.pivotal.pal.tracker.WelcomeController.sayHello(java.lang.String)
2019-01-07 16:29:04.407  INFO 10866 --- [    Test worker] s.w.s.m.m.a.RequestMappingHandlerMapping : Mapped "{[/error],produces=[text/html]}" onto public org.springframework.web.servlet.ModelAndView org.springframework.boot.autoconfigure.web.servlet.error.BasicErrorController.errorHtml(javax.servlet.http.HttpServletRequest,javax.servlet.http.HttpServletResponse)
2019-01-07 16:29:04.407  INFO 10866 --- [    Test worker] s.w.s.m.m.a.RequestMappingHandlerMapping : Mapped "{[/error]}" onto public org.springframework.http.ResponseEntity<java.util.Map<java.lang.String, java.lang.Object>> org.springframework.boot.autoconfigure.web.servlet.error.BasicErrorController.error(javax.servlet.http.HttpServletRequest)
2019-01-07 16:29:04.426  INFO 10866 --- [    Test worker] o.s.w.s.handler.SimpleUrlHandlerMapping  : Mapped URL path [/webjars/**] onto handler of type [class org.springframework.web.servlet.resource.ResourceHttpRequestHandler]
2019-01-07 16:29:04.426  INFO 10866 --- [    Test worker] o.s.w.s.handler.SimpleUrlHandlerMapping  : Mapped URL path [/**] onto handler of type [class org.springframework.web.servlet.resource.ResourceHttpRequestHandler]
2019-01-07 16:29:04.534  INFO 10866 --- [    Test worker] o.s.b.w.embedded.tomcat.TomcatWebServer  : Tomcat started on port(s): 35123 (http) with context path ''
2019-01-07 16:29:04.537  INFO 10866 --- [    Test worker] t.pivotal.pal.trackerapi.WelcomeApiTest  : Started WelcomeApiTest in 1.645 seconds (JVM running for 2.211)
2019-01-07 16:29:04.649  INFO 10866 --- [o-auto-1-exec-1] o.a.c.c.C.[Tomcat].[localhost].[/]       : Initializing Spring FrameworkServlet 'dispatcherServlet'
2019-01-07 16:29:04.649  INFO 10866 --- [o-auto-1-exec-1] o.s.web.servlet.DispatcherServlet        : FrameworkServlet 'dispatcherServlet': initialization started
2019-01-07 16:29:04.660  INFO 10866 --- [o-auto-1-exec-1] o.s.web.servlet.DispatcherServlet        : FrameworkServlet 'dispatcherServlet': initialization completed in 11 ms
]]></system-out>
  <system-err><![CDATA[]]></system-err>
</testsuite>
