<?xml version="1.0" encoding="UTF-8"?>
<testsuite name="test.pivotal.pal.trackerapi.WelcomeApiTest" tests="1" skipped="0" failures="0" errors="0" timestamp="2019-01-09T10:11:09" hostname="pal8-OptiPlex-7050" time="0.006">
  <properties/>
  <testcase name="exampleTest" classname="test.pivotal.pal.trackerapi.WelcomeApiTest" time="0.006"/>
  <system-out><![CDATA[2019-01-09 15:41:09.642  INFO 10147 --- [    Test worker] .b.t.c.SpringBootTestContextBootstrapper : Neither @ContextConfiguration nor @ContextHierarchy found for test class [test.pivotal.pal.trackerapi.WelcomeApiTest], using SpringBootContextLoader
2019-01-09 15:41:09.642  INFO 10147 --- [    Test worker] o.s.t.c.support.AbstractContextLoader    : Could not detect default resource locations for test class [test.pivotal.pal.trackerapi.WelcomeApiTest]: no resource found for suffixes {-context.xml, Context.groovy}.
2019-01-09 15:41:09.644  INFO 10147 --- [    Test worker] .b.t.c.SpringBootTestContextBootstrapper : Loaded default TestExecutionListener class names from location [META-INF/spring.factories]: [org.springframework.boot.test.autoconfigure.restdocs.RestDocsTestExecutionListener, org.springframework.boot.test.autoconfigure.web.client.MockRestServiceServerResetTestExecutionListener, org.springframework.boot.test.autoconfigure.web.servlet.MockMvcPrintOnlyOnFailureTestExecutionListener, org.springframework.boot.test.autoconfigure.web.servlet.WebDriverTestExecutionListener, org.springframework.boot.test.mock.mockito.MockitoTestExecutionListener, org.springframework.boot.test.mock.mockito.ResetMocksTestExecutionListener, org.springframework.test.context.web.ServletTestExecutionListener, org.springframework.test.context.support.DirtiesContextBeforeModesTestExecutionListener, org.springframework.test.context.support.DependencyInjectionTestExecutionListener, org.springframework.test.context.support.DirtiesContextTestExecutionListener, org.springframework.test.context.transaction.TransactionalTestExecutionListener, org.springframework.test.context.jdbc.SqlScriptsTestExecutionListener]
2019-01-09 15:41:09.645  INFO 10147 --- [    Test worker] .b.t.c.SpringBootTestContextBootstrapper : Using TestExecutionListeners: [org.springframework.test.context.web.ServletTestExecutionListener@ce894ab, org.springframework.test.context.support.DirtiesContextBeforeModesTestExecutionListener@7656acf7, org.springframework.boot.test.mock.mockito.MockitoTestExecutionListener@6a4461e7, org.springframework.boot.test.autoconfigure.SpringBootDependencyInjectionTestExecutionListener@40416ea6, org.springframework.test.context.support.DirtiesContextTestExecutionListener@8c4e7c9, org.springframework.boot.test.autoconfigure.restdocs.RestDocsTestExecutionListener@4b36d332, org.springframework.boot.test.autoconfigure.web.client.MockRestServiceServerResetTestExecutionListener@2b4c8ea, org.springframework.boot.test.autoconfigure.web.servlet.MockMvcPrintOnlyOnFailureTestExecutionListener@49cbb244, org.springframework.boot.test.autoconfigure.web.servlet.WebDriverTestExecutionListener@669efe1b, org.springframework.boot.test.mock.mockito.ResetMocksTestExecutionListener@1bcc1eb9]
]]></system-out>
  <system-err><![CDATA[]]></system-err>
</testsuite>
